<?xml version="1.0" encoding="UTF-8"?>
<testsuite xmlns:xsi="http://www.w3.org/2001/XMLSchema-instance" xsi:noNamespaceSchemaLocation="https://maven.apache.org/surefire/maven-surefire-plugin/xsd/surefire-test-report-3.0.xsd" version="3.0" name="stepDefs.TestRunner" time="19.834" tests="5" errors="0" skipped="0" failures="0">
  <properties>
[...]
</properties>
  <testcase name="Add the product to Cart" classname="This feature will be used to test the Add to Cart functionality of Swag Labs application" time="6.644">
    <system-out><![CDATA[
@AddToCart
Scenario: Add the product to Cart                           # src/test/java/features/AddToCart.feature:11
  Given I have launched the application                     # stepDefs.Login1stepDefs.i_have_launched_the_application()
  When I enter username as "standard_user"                  # stepDefs.Login1stepDefs.i_enter_username_as(java.lang.String)
  And I enter password as "secret_sauce"                    # stepDefs.Login1stepDefs.i_enter_password_as(java.lang.String)
  And I click on Login button                               # stepDefs.Login1stepDefs.i_click_on_Login_button()
Login Succesfull
  Then I should land on home page                           # stepDefs.Login1stepDefs.i_should_land_on_home_page()
  When I click on the Product name as "Sauce Labs Backpack" # stepDefs.AddToCartStepDef.i_click_on_the_Product_name_as(java.lang.String)
  And I click on the Add to cart Button                     # stepDefs.AddToCartStepDef.i_click_on_the_Add_to_cart_Button()
  And I click on Shopping cart link                         # stepDefs.AddToCartStepDef.i_click_on_shopping_cart_link()
  Then I verify the item on cart page                       # stepDefs.AddToCartStepDef.i_verify_the_item_on_cart_page()
]]></system-out>
    <system-err><![CDATA[Jun 23, 2023 11:24:37 PM io.cucumber.junit.Cucumber <init>
WARNING: By default Cucumber is running in --non-strict mode.
This default will change to --strict and --non-strict will be removed.
You can use --strict or @CucumberOptions(strict = true) to suppress this warning
SLF4J: Failed to load class "org.slf4j.impl.StaticLoggerBinder".
SLF4J: Defaulting to no-operation (NOP) logger implementation
SLF4J: See http://www.slf4j.org/codes.html#StaticLoggerBinder for further details.
Starting ChromeDriver 114.0.5735.90 (386bc09e8f4f2e025eddae123f36f6263096ae49-refs/branch-heads/5735@{#1052}) on port 12424
Only local connections are allowed.
Please see https://chromedriver.chromium.org/security-considerations for suggestions on keeping ChromeDriver safe.
ChromeDriver was started successfully.
Jun 23, 2023 11:24:39 PM org.openqa.selenium.remote.ProtocolHandshake createSession
INFO: Detected dialect: W3C
]]></system-err>
  </testcase>
  <testcase name="Add multiple products to the cart" classname="This feature will be used to test the Add to Cart functionality of Swag Labs application" time="3.779">
    <system-out><![CDATA[
@AddToCart
Scenario: Add multiple products to the cart       # src/test/java/features/AddToCart.feature:17
  Given I have launched the application           # stepDefs.Login1stepDefs.i_have_launched_the_application()
  When I enter username as "standard_user"        # stepDefs.Login1stepDefs.i_enter_username_as(java.lang.String)
  And I enter password as "secret_sauce"          # stepDefs.Login1stepDefs.i_enter_password_as(java.lang.String)
  And I click on Login button                     # stepDefs.Login1stepDefs.i_click_on_Login_button()
Login Succesfull
  Then I should land on home page                 # stepDefs.Login1stepDefs.i_should_land_on_home_page()
  When I add the following products to the cart:  # stepDefs.AddToCartStepDef.i_add_the_following_products_to_the_cart(io.cucumber.datatable.DataTable)
  And I click on Shopping cart link               # stepDefs.AddToCartStepDef.i_click_on_shopping_cart_link()
  Then the cart should contain the added products # stepDefs.AddToCartStepDef.the_cart_should_contain_the_added_products(io.cucumber.datatable.DataTable)
]]></system-out>
    <system-err><![CDATA[Starting ChromeDriver 114.0.5735.90 (386bc09e8f4f2e025eddae123f36f6263096ae49-refs/branch-heads/5735@{#1052}) on port 16734
Only local connections are allowed.
Please see https://chromedriver.chromium.org/security-considerations for suggestions on keeping ChromeDriver safe.
ChromeDriver was started successfully.
Jun 23, 2023 11:24:45 PM org.openqa.selenium.remote.ProtocolHandshake createSession
INFO: Detected dialect: W3C
]]></system-err>
  </testcase>
  <testcase name="Login success scenario using parameters" classname="This feature will be used to test the login functionality of Swag Labs application" time="3.061">
    <system-out><![CDATA[
@Login @sanity
Scenario: Login success scenario using parameters # src/test/java/features/Login1.feature:8
  Given I have launched the application           # stepDefs.Login1stepDefs.i_have_launched_the_application()
  When I enter username as "standard_user"        # stepDefs.Login1stepDefs.i_enter_username_as(java.lang.String)
  And I enter password as "secret_sauce"          # stepDefs.Login1stepDefs.i_enter_password_as(java.lang.String)
  And I click on Login button                     # stepDefs.Login1stepDefs.i_click_on_Login_button()
Login Succesfull
  Then I should land on home page                 # stepDefs.Login1stepDefs.i_should_land_on_home_page()
]]></system-out>
    <system-err><![CDATA[Starting ChromeDriver 114.0.5735.90 (386bc09e8f4f2e025eddae123f36f6263096ae49-refs/branch-heads/5735@{#1052}) on port 47798
Only local connections are allowed.
Please see https://chromedriver.chromium.org/security-considerations for suggestions on keeping ChromeDriver safe.
ChromeDriver was started successfully.
Jun 23, 2023 11:24:49 PM org.openqa.selenium.remote.ProtocolHandshake createSession
INFO: Detected dialect: W3C
]]></system-err>
  </testcase>
  <testcase name="Login Failure scenario using Scenario outline" classname="This feature will be used to test the login functionality of Swag Labs application" time="3.058">
    <system-out><![CDATA[
@Login @regression
Scenario Outline: Login Failure scenario using Scenario outline                                                      # src/test/java/features/Login1.feature:23
  Given I have launched the application                                                                              # stepDefs.Login1stepDefs.i_have_launched_the_application()
  When I enter username as "standard_user"                                                                           # stepDefs.Login1stepDefs.i_enter_username_as(java.lang.String)
  And I enter password as "xyz@12345"                                                                                # stepDefs.Login1stepDefs.i_enter_password_as(java.lang.String)
  And I click on Login button                                                                                        # stepDefs.Login1stepDefs.i_click_on_Login_button()
  Then I should get the error message as "Epic sadface: Username and password do not match any user in this service" # stepDefs.Login1stepDefs.i_should_get_the_error_message_as(java.lang.String)
]]></system-out>
    <system-err><![CDATA[Starting ChromeDriver 114.0.5735.90 (386bc09e8f4f2e025eddae123f36f6263096ae49-refs/branch-heads/5735@{#1052}) on port 4729
Only local connections are allowed.
Please see https://chromedriver.chromium.org/security-considerations for suggestions on keeping ChromeDriver safe.
ChromeDriver was started successfully.
Jun 23, 2023 11:24:52 PM org.openqa.selenium.remote.ProtocolHandshake createSession
INFO: Detected dialect: W3C
]]></system-err>
  </testcase>
  <testcase name="Login Failure scenario using Scenario outline" classname="This feature will be used to test the login functionality of Swag Labs application" time="2.917">
    <system-out><![CDATA[
@Login @regression
Scenario Outline: Login Failure scenario using Scenario outline                                # src/test/java/features/Login1.feature:24
  Given I have launched the application                                                        # stepDefs.Login1stepDefs.i_have_launched_the_application()
  When I enter username as "locked_out_user"                                                   # stepDefs.Login1stepDefs.i_enter_username_as(java.lang.String)
  And I enter password as "secret_sauce"                                                       # stepDefs.Login1stepDefs.i_enter_password_as(java.lang.String)
  And I click on Login button                                                                  # stepDefs.Login1stepDefs.i_click_on_Login_button()
  Then I should get the error message as "Epic sadface: Sorry, this user has been locked out." # stepDefs.Login1stepDefs.i_should_get_the_error_message_as(java.lang.String)
]]></system-out>
    <system-err><![CDATA[Starting ChromeDriver 114.0.5735.90 (386bc09e8f4f2e025eddae123f36f6263096ae49-refs/branch-heads/5735@{#1052}) on port 14258
Only local connections are allowed.
Please see https://chromedriver.chromium.org/security-considerations for suggestions on keeping ChromeDriver safe.
ChromeDriver was started successfully.
Jun 23, 2023 11:24:55 PM org.openqa.selenium.remote.ProtocolHandshake createSession
INFO: Detected dialect: W3C
]]></system-err>
  </testcase>
</testsuite>